27-Mar-2026 08:42:51.278 INFO [main] org.apache.catalina.startup.VersionLoggerListener.log Nombre de la versión del servidor: Apache Tomcat/10.1.53
27-Mar-2026 08:42:51.280 INFO [main] org.apache.catalina.startup.VersionLoggerListener.log Server built:                      Mar 18 2026 13:50:42 UTC
27-Mar-2026 08:42:51.280 INFO [main] org.apache.catalina.startup.VersionLoggerListener.log Número de versión de servidor:     10.1.53.0
27-Mar-2026 08:42:51.280 INFO [main] org.apache.catalina.startup.VersionLoggerListener.log OS Name:                           Mac OS X
27-Mar-2026 08:42:51.280 INFO [main] org.apache.catalina.startup.VersionLoggerListener.log Versión de Systema Operativo:      26.3
27-Mar-2026 08:42:51.280 INFO [main] org.apache.catalina.startup.VersionLoggerListener.log Arquitectura:                      aarch64
27-Mar-2026 08:42:51.280 INFO [main] org.apache.catalina.startup.VersionLoggerListener.log Java Home:                         /Library/Java/JavaVirtualMachines/jdk-21.jdk/Contents/Home
27-Mar-2026 08:42:51.280 INFO [main] org.apache.catalina.startup.VersionLoggerListener.log JVM Version:                       21.0.10+8-LTS-217
27-Mar-2026 08:42:51.280 INFO [main] org.apache.catalina.startup.VersionLoggerListener.log Vededor JVM:                       Oracle Corporation
27-Mar-2026 08:42:51.280 INFO [main] org.apache.catalina.startup.VersionLoggerListener.log CATALINA_BASE:                     /Users/carlosmarin21/Documents/NORKYS/apache-tomcat-10.1.53
27-Mar-2026 08:42:51.280 INFO [main] org.apache.catalina.startup.VersionLoggerListener.log CATALINA_HOME:                     /Users/carlosmarin21/Documents/NORKYS/apache-tomcat-10.1.53
27-Mar-2026 08:42:51.292 INFO [main] org.apache.catalina.startup.VersionLoggerListener.log Command line argument:             -Djava.util.logging.config.file=/Users/carlosmarin21/Documents/NORKYS/apache-tomcat-10.1.53/conf/logging.properties
27-Mar-2026 08:42:51.292 INFO [main] org.apache.catalina.startup.VersionLoggerListener.log Command line argument:             -Djava.util.logging.manager=org.apache.juli.ClassLoaderLogManager
27-Mar-2026 08:42:51.292 INFO [main] org.apache.catalina.startup.VersionLoggerListener.log Command line argument:             -Djdk.tls.ephemeralDHKeySize=2048
27-Mar-2026 08:42:51.292 INFO [main] org.apache.catalina.startup.VersionLoggerListener.log Command line argument:             -Djava.protocol.handler.pkgs=org.apache.catalina.webresources
27-Mar-2026 08:42:51.292 INFO [main] org.apache.catalina.startup.VersionLoggerListener.log Command line argument:             -Dsun.io.useCanonCaches=false
27-Mar-2026 08:42:51.292 INFO [main] org.apache.catalina.startup.VersionLoggerListener.log Command line argument:             -Dorg.apache.catalina.security.SecurityListener.UMASK=0027
27-Mar-2026 08:42:51.292 INFO [main] org.apache.catalina.startup.VersionLoggerListener.log Command line argument:             --add-opens=java.base/java.lang=ALL-UNNAMED
27-Mar-2026 08:42:51.292 INFO [main] org.apache.catalina.startup.VersionLoggerListener.log Command line argument:             --add-opens=java.base/java.lang.reflect=ALL-UNNAMED
27-Mar-2026 08:42:51.292 INFO [main] org.apache.catalina.startup.VersionLoggerListener.log Command line argument:             --add-opens=java.base/java.io=ALL-UNNAMED
27-Mar-2026 08:42:51.292 INFO [main] org.apache.catalina.startup.VersionLoggerListener.log Command line argument:             --add-opens=java.base/java.util=ALL-UNNAMED
27-Mar-2026 08:42:51.292 INFO [main] org.apache.catalina.startup.VersionLoggerListener.log Command line argument:             --add-opens=java.base/java.util.concurrent=ALL-UNNAMED
27-Mar-2026 08:42:51.292 INFO [main] org.apache.catalina.startup.VersionLoggerListener.log Command line argument:             --add-opens=java.rmi/sun.rmi.transport=ALL-UNNAMED
27-Mar-2026 08:42:51.292 INFO [main] org.apache.catalina.startup.VersionLoggerListener.log Command line argument:             -Dcatalina.base=/Users/carlosmarin21/Documents/NORKYS/apache-tomcat-10.1.53
27-Mar-2026 08:42:51.292 INFO [main] org.apache.catalina.startup.VersionLoggerListener.log Command line argument:             -Dcatalina.home=/Users/carlosmarin21/Documents/NORKYS/apache-tomcat-10.1.53
27-Mar-2026 08:42:51.292 INFO [main] org.apache.catalina.startup.VersionLoggerListener.log Command line argument:             -Djava.io.tmpdir=/Users/carlosmarin21/Documents/NORKYS/apache-tomcat-10.1.53/temp
27-Mar-2026 08:42:51.296 INFO [main] org.apache.catalina.core.AprLifecycleListener.lifecycleEvent La biblioteca nativa de Apache Tomcat basada en ARP que permite un rendimiento óptimo en entornos de desarrollo no ha sido hallada en java.library.path: [/Users/carlosmarin21/Library/Java/Extensions:/Library/Java/Extensions:/Network/Library/Java/Extensions:/System/Library/Java/Extensions:/usr/lib/java:.]
27-Mar-2026 08:42:51.398 INFO [main] org.apache.coyote.AbstractProtocol.init Inicializando el manejador de protocolo ["http-nio-8080"]

27-Mar-2026 08:42:51.414 INFO [main] org.apache.catalina.startup.Catalina.load Server initialization in [212] milliseconds
27-Mar-2026 08:42:51.427 INFO [main] org.apache.catalina.core.StandardService.startInternal Arrancando servicio [Catalina]
27-Mar-2026 08:42:51.428 INFO [main] org.apache.catalina.core.StandardEngine.startInternal Starting Servlet engine: [Apache Tomcat/10.1.53]
27-Mar-2026 08:42:51.430 INFO [main] org.apache.catalina.startup.HostConfig.deployDirectory Desplegando el directorio [/Users/carlosmarin21/Documents/NORKYS/apache-tomcat-10.1.53/webapps/docs] de la aplicación web
27-Mar-2026 08:42:51.538 INFO [main] org.apache.catalina.startup.HostConfig.deployDirectory Deployment of web application directory [/Users/carlosmarin21/Documents/NORKYS/apache-tomcat-10.1.53/webapps/docs] has finished in [106] ms
27-Mar-2026 08:42:51.538 INFO [main] org.apache.catalina.startup.HostConfig.deployDirectory Desplegando el directorio [/Users/carlosmarin21/Documents/NORKYS/apache-tomcat-10.1.53/webapps/manager] de la aplicación web
27-Mar-2026 08:42:51.549 INFO [main] org.apache.catalina.startup.HostConfig.deployDirectory Deployment of web application directory [/Users/carlosmarin21/Documents/NORKYS/apache-tomcat-10.1.53/webapps/manager] has finished in [11] ms
27-Mar-2026 08:42:51.550 INFO [main] org.apache.catalina.startup.HostConfig.deployDirectory Desplegando el directorio [/Users/carlosmarin21/Documents/NORKYS/apache-tomcat-10.1.53/webapps/examples] de la aplicación web
27-Mar-2026 08:42:51.636 INFO [main] org.apache.catalina.startup.HostConfig.deployDirectory Deployment of web application directory [/Users/carlosmarin21/Documents/NORKYS/apache-tomcat-10.1.53/webapps/examples] has finished in [87] ms
27-Mar-2026 08:42:51.637 INFO [main] org.apache.catalina.startup.HostConfig.deployDirectory Desplegando el directorio [/Users/carlosmarin21/Documents/NORKYS/apache-tomcat-10.1.53/webapps/ROOT] de la aplicación web
27-Mar-2026 08:42:51.642 INFO [main] org.apache.catalina.startup.HostConfig.deployDirectory Deployment of web application directory [/Users/carlosmarin21/Documents/NORKYS/apache-tomcat-10.1.53/webapps/ROOT] has finished in [6] ms
27-Mar-2026 08:42:51.642 INFO [main] org.apache.catalina.startup.HostConfig.deployDirectory Desplegando el directorio [/Users/carlosmarin21/Documents/NORKYS/apache-tomcat-10.1.53/webapps/host-manager] de la aplicación web
27-Mar-2026 08:42:51.649 INFO [main] org.apache.catalina.startup.HostConfig.deployDirectory Deployment of web application directory [/Users/carlosmarin21/Documents/NORKYS/apache-tomcat-10.1.53/webapps/host-manager] has finished in [7] ms
27-Mar-2026 08:42:51.650 INFO [main] org.apache.coyote.AbstractProtocol.start Starting ProtocolHandler ["http-nio-8080"]
27-Mar-2026 08:42:51.654 INFO [main] org.apache.catalina.startup.Catalina.start Server startup in [240] milliseconds
27-Mar-2026 18:38:09.434 INFO [Thread-1] org.apache.coyote.AbstractProtocol.pause Pausing ProtocolHandler ["http-nio-8080"]
27-Mar-2026 18:38:09.452 INFO [Thread-1] org.apache.catalina.core.StandardService.stopInternal Parando servicio [Catalina]
27-Mar-2026 18:38:09.496 INFO [Thread-1] org.apache.coyote.AbstractProtocol.stop Stopping ProtocolHandler ["http-nio-8080"]
27-Mar-2026 18:38:09.507 INFO [Thread-1] org.apache.coyote.AbstractProtocol.destroy Destroying ProtocolHandler ["http-nio-8080"]
